<?xml version="1.0" encoding="UTF-8"?>
<!-- Generated by org.testng.reporters.JUnitReportReporter -->
<testsuite skipped="0" hostname="DESKTOP-280B4F5" name="qsp.DemoB" tests="1" failures="0" timestamp="30 Jul 2020 10:26:44 GMT" time="0.019" errors="0">
  <testcase name="testB" time="0.019" classname="qsp.DemoB"/>
</testsuite> <!-- qsp.DemoB -->
