<?xml version="1.0" encoding="UTF-8"?>
<!-- Generated by org.testng.reporters.JUnitReportReporter -->
<testsuite skipped="0" hostname="DESKTOP-280B4F5" name="qsp.DemoA" tests="1" failures="0" timestamp="30 Jul 2020 10:26:54 GMT" time="0.017" errors="0">
  <testcase name="testA" time="0.017" classname="qsp.DemoA"/>
</testsuite> <!-- qsp.DemoA -->
